Determining if the pthread_create exist failed with the following output:
Change Dir: /home/wstrak/Pulpit/po/Programowanie-obiektowe/build-Pierwszy-Desktop-Debug/CMakeFiles/CMakeTmp

Run Build Command:"/usr/bin/ninja" "cmTC_577f2"
[1/2] Building C object CMakeFiles/cmTC_577f2.dir/CheckSymbolExists.c.o
[2/2] Linking C executable cmTC_577f2
FAILED: cmTC_577f2 
: && /usr/bin/gcc   -rdynamic CMakeFiles/cmTC_577f2.dir/CheckSymbolExists.c.o  -o cmTC_577f2   && :
CMakeFiles/cmTC_577f2.dir/CheckSymbolExists.c.o: In function `main':
CheckSymbolExists.c:(.text+0x1b): undefined reference to `pthread_create'
collect2: error: ld returned 1 exit status
ninja: build stopped: subcommand failed.

File /home/wstrak/Pulpit/po/Programowanie-obiektowe/build-Pierwszy-Desktop-Debug/CMakeFiles/CMakeTmp/CheckSymbolExists.c:
/* */
#include <pthread.h>

int main(int argc, char** argv)
{
  (void)argv;
#ifndef pthread_create
  return ((int*)(&pthread_create))[argc];
#else
  (void)argc;
  return 0;
#endif
}

Determining if the function pthread_create exists in the pthreads failed with the following output:
Change Dir: /home/wstrak/Pulpit/po/Programowanie-obiektowe/build-Pierwszy-Desktop-Debug/CMakeFiles/CMakeTmp

Run Build Command:"/usr/bin/ninja" "cmTC_2330c"
[1/2] Building C object CMakeFiles/cmTC_2330c.dir/CheckFunctionExists.c.o
[2/2] Linking C executable cmTC_2330c
FAILED: cmTC_2330c 
: && /usr/bin/gcc -DCHECK_FUNCTION_EXISTS=pthread_create  -rdynamic CMakeFiles/cmTC_2330c.dir/CheckFunctionExists.c.o  -o cmTC_2330c  -lpthreads && :
/usr/bin/ld: cannot find -lpthreads
collect2: error: ld returned 1 exit status
ninja: build stopped: subcommand failed.


